0 info it worked if it ends with ok
1 verbose cli [ '/usr/local/bin/jx', '/home/linfordg/.jx/npm', 'install', 'os' ]
2 info using npm@1.4.14
3 info using node@v0.10.38
4 info using jxcore@v Beta-0.3.0.3
5 warn invalid config local-address=undefined
6 verbose cache add [ 'os', null ]
7 verbose cache add name=undefined spec="os" args=["os",null]
8 verbose parsed url { protocol: null,
8 verbose parsed url   slashes: null,
8 verbose parsed url   auth: null,
8 verbose parsed url   host: null,
8 verbose parsed url   port: null,
8 verbose parsed url   hostname: null,
8 verbose parsed url   hash: null,
8 verbose parsed url   search: null,
8 verbose parsed url   query: null,
8 verbose parsed url   pathname: 'os',
8 verbose parsed url   path: 'os',
8 verbose parsed url   href: 'os' }
9 silly lockFile 999a3419-os os
10 verbose lock os /home/linfordg/.npm/999a3419-os.lock
11 silly lockFile 999a3419-os os
12 silly lockFile 999a3419-os os
13 verbose addNamed [ 'os', '' ]
14 verbose addNamed [ null, '*' ]
15 silly lockFile 46c56d42-os os@
16 verbose lock os@ /home/linfordg/.npm/46c56d42-os.lock
17 silly addNameRange { name: 'os', range: '*', hasData: false }
18 verbose url raw os
19 verbose url resolving [ 'https://registry.npmjs.org/', './os' ]
20 verbose url resolved https://registry.npmjs.org/os
21 info trying registry request attempt 1 at 13:42:52
22 http GET https://registry.npmjs.org/os
23 http 404 https://registry.npmjs.org/os
24 verbose headers { server: 'CouchDB/1.5.0 (Erlang OTP/R16B03)',
24 verbose headers   'content-type': 'application/json',
24 verbose headers   'cache-control': 'max-age=0',
24 verbose headers   'content-length': '51',
24 verbose headers   'accept-ranges': 'bytes',
24 verbose headers   date: 'Mon, 22 Jun 2015 20:42:55 GMT',
24 verbose headers   via: '1.1 varnish',
24 verbose headers   age: '0',
24 verbose headers   connection: 'keep-alive',
24 verbose headers   'x-served-by': 'cache-ord1721-ORD',
24 verbose headers   'x-cache': 'MISS',
24 verbose headers   'x-cache-hits': '0',
24 verbose headers   'x-timer': 'S1435005775.493997,VS0,VE65' }
25 silly registry.get cb [ 404,
25 silly registry.get   { server: 'CouchDB/1.5.0 (Erlang OTP/R16B03)',
25 silly registry.get     'content-type': 'application/json',
25 silly registry.get     'cache-control': 'max-age=0',
25 silly registry.get     'content-length': '51',
25 silly registry.get     'accept-ranges': 'bytes',
25 silly registry.get     date: 'Mon, 22 Jun 2015 20:42:55 GMT',
25 silly registry.get     via: '1.1 varnish',
25 silly registry.get     age: '0',
25 silly registry.get     connection: 'keep-alive',
25 silly registry.get     'x-served-by': 'cache-ord1721-ORD',
25 silly registry.get     'x-cache': 'MISS',
25 silly registry.get     'x-cache-hits': '0',
25 silly registry.get     'x-timer': 'S1435005775.493997,VS0,VE65' } ]
26 silly lockFile 46c56d42-os os@
27 silly lockFile 46c56d42-os os@
28 error 404 404 Not Found: os
28 error 404
28 error 404 'os' is not in the npm registry.
28 error 404 You should bug the author to publish it
28 error 404
28 error 404 Note that you can also install from a
28 error 404 tarball, folder, or http url, or git url.
29 error System Linux 3.13.0-52-generic
30 error command "/usr/local/bin/jx" "/home/linfordg/.jx/npm" "install" "os"
31 error cwd /var/www/node-virus
32 error node -v v0.10.38
33 error npm -v 1.4.14
34 error code E404
35 verbose exit [ 1, true ]
